Start testing: Oct 10 15:51 Malay Peninsula Standard Time
----------------------------------------------------------
1/1 Testing: ExampleTests
1/1 Test: ExampleTests
Command: "E:/2_Devs/cpp/learn_cpp/build/test/ExampleTests.exe"
Directory: E:/2_Devs/cpp/learn_cpp/build/test
"ExampleTests" start time: Oct 10 15:51 Malay Peninsula Standard Time
Output:
----------------------------------------------------------
Running main() from E:\2_Devs\cpp\learn_cpp\googletest\googletest\src\gtest_main.cc
[==========] Running 1 test from 1 test suite.
[----------] Global test environment set-up.
[----------] 1 test from ExampleTests
[ RUN      ] ExampleTests.DemonstrateGTestMacros
E:\2_Devs\cpp\learn_cpp\test\ExampleTests.cpp:4: Failure
Value of: false
  Actual: false
Expected: true
[  FAILED  ] ExampleTests.DemonstrateGTestMacros (0 ms)
[----------] 1 test from ExampleTests (1 ms total)

[----------] Global test environment tear-down
[==========] 1 test from 1 test suite ran. (1 ms total)
[  PASSED  ] 0 tests.
[  FAILED  ] 1 test, listed below:
[  FAILED  ] ExampleTests.DemonstrateGTestMacros

 1 FAILED TEST
<end of output>
Test time =   0.15 sec
----------------------------------------------------------
Test Failed.
"ExampleTests" end time: Oct 10 15:51 Malay Peninsula Standard Time
"ExampleTests" time elapsed: 00:00:00
----------------------------------------------------------

End testing: Oct 10 15:51 Malay Peninsula Standard Time
